<?xml version="1.0" encoding="UTF-8"?>
<!-- Generated by org.testng.reporters.JUnitXMLReporter -->
<testsuite ignored="2" hostname="DESKTOP-JQLCBTF" failures="0" tests="3" name="Test" time="0.222" errors="0" timestamp="2023-08-19T00:32:38 IST">
  <testcase classname="demo.Demo2" name="sample2" time="0.017"/>
  <testcase classname="demo.Demo" name="demo" time="0.002"/>
  <testcase classname="demo.Demo3" name="demo3" time="0.003"/>
  <testcase classname="demo.Demo" name="sample" time="0.0">
    <ignored/>
  </testcase> <!-- sample -->
  <testcase classname="demo.Demo2" name="demo2" time="0.0">
    <ignored/>
  </testcase> <!-- demo2 -->
</testsuite> <!-- Test -->
